<?xml version="1.0" encoding="UTF-8"?>
<!-- Generated by org.testng.reporters.JUnitReportReporter -->
<testsuite hostname="BLLT-5CD112M29V" failures="0" tests="1" name="seleniumGrid.RSATest" time="5.805" errors="0" timestamp="2022-07-27T16:46:17 IST" skipped="0">
  <testcase classname="seleniumGrid.RSATest" name="homePageCheck" time="5.805"/>
  <system-out/>
</testsuite> <!-- seleniumGrid.RSATest -->
