<?xml version="1.0" encoding="UTF-8"?>
<!-- Generated by org.testng.reporters.JUnitReportReporter -->
<testsuite hostname="BLLT-5CD112M29V" failures="0" tests="1" name="testCases.SFLogin" time="14.175" errors="0" timestamp="2022-07-18T23:09:56 IST" skipped="0">
  <testcase classname="testCases.SFLogin" name="login" time="14.175"/>
  <system-out/>
</testsuite> <!-- testCases.SFLogin -->
