<?xml version="1.0" encoding="UTF-8"?>
<!-- Generated by org.testng.reporters.JUnitReportReporter -->
<testsuite hostname="BLLT-5CD112M29V" failures="0" tests="1" name="Automation.ExtentReport.ExtentReportDemo" time="4.812" errors="0" timestamp="2022-07-19T10:36:44 IST" skipped="0">
  <testcase classname="Automation.ExtentReport.ExtentReportDemo" name="initialDemo" time="4.812"/>
  <system-out/>
</testsuite> <!-- Automation.ExtentReport.ExtentReportDemo -->
